This is pdfTeX, Version 3.14159265-2.6-1.40.18 (TeX Live 2017) (preloaded format=pdflatex 2017.11.3)  10 DEC 2017 18:28
entering extended mode
 restricted \write18 enabled.
 %&-line parsing enabled.
**aaa.tex
(./aaa.tex
LaTeX2e <2017-04-15>
Babel <3.10> and hyphenation patterns for 84 language(s) loaded.
\gptboxheight=\skip41
\gptboxwidth=\skip42
\gptboxtext=\box26
)
*
(Please type a command or say `\end')
*
(Please type a command or say `\end')
*
(Please type a command or say `\end')
*exit
Missing character: There is no e in font nullfont!
Missing character: There is no x in font nullfont!
Missing character: There is no i in font nullfont!
Missing character: There is no t in font nullfont!

*
! Emergency stop.
<*> exit
        
End of file on the terminal!

 
Here is how much of TeX's memory you used:
 24 strings out of 492995
 325 string characters out of 6132704
 54074 words of memory out of 5000000
 3677 multiletter control sequences out of 15000+600000
 3640 words of font info for 14 fonts, out of 8000000 for 9000
 1141 hyphenation exceptions out of 8191
 8i,1n,12p,83b,79s stack positions out of 5000i,500n,10000p,200000b,80000s
!  ==> Fatal error occurred, no output PDF file produced!
