mktexpk --mfmode ljfour --bdpi 600 --mag 1+264/600 --dpi 864 gbksong74
mktexpk --mfmode ljfour --bdpi 600 --mag 1+264/600 --dpi 864 gbksong74
mktexpk --mfmode ljfour --bdpi 600 --mag 1+264/600 --dpi 864 gbksong74
mktexpk --mfmode ljfour --bdpi 600 --mag 1+264/600 --dpi 864 gbksong74
mktexpk --mfmode ljfour --bdpi 600 --mag 1+264/600 --dpi 864 gbksong74
mktexpk --mfmode ljfour --bdpi 600 --mag 1+264/600 --dpi 864 gbksong74
mktexpk --mfmode ljfour --bdpi 600 --mag 1+264/600 --dpi 864 gbksong74
mktexpk --mfmode ljfour --bdpi 600 --mag 1+264/600 --dpi 864 gbksong74
mktexpk --mfmode ljfour --bdpi 600 --mag 1+264/600 --dpi 864 gbksong74
mktexpk --mfmode ljfour --bdpi 600 --mag 1+264/600 --dpi 864 gbksong74
mktexpk --mfmode ljfour --bdpi 600 --mag 1+264/600 --dpi 864 gbksong74
mktextfm FandolHei-Regular/ICU
mktextfm FandolHei-Regular/ICU
mktextfm FandolHei-Regular/ICU
mktextfm FandolHei-Bold/ICU
mktextfm FandolHei-Regular/ICU
mktextfm FandolHei-Regular/I/ICU
mktextfm FandolHei-Bold/ICU
mktextfm FandolHei-Bold/I/ICU
mktextfm FandolFang/ICU
mktextfm FandolFang/ICU
mktextfm FandolFang/ICU
mktextfm FandolFang/ICU
mktextfm FandolFang/ICU
mktextfm FandolFang/I/ICU
mktextfm FandolFang/ICU
mktextfm FandolFang/I/ICU
mktextfm FandolHei-Regular/ICU
