This is XeTeX, Version 3.14159265-2.6-0.99991 (TeX Live 2014) (preloaded format=xelatex 2014.5.25)  10 NOV 2018 13:51
entering extended mode
 restricted \write18 enabled.
 file:line:error style messages enabled.
 %&-line parsing enabled.
**Chapter1.tex
(./Chapter1.tex
LaTeX2e <2014/05/01>
Babel <3.9k> and hyphenation patterns for 78 languages loaded.
./Chapter1.tex:1: Undefined control sequence.
l.1 \chapter
            {绪论}
? 
./Chapter1.tex:1: Emergency stop.
l.1 \chapter
            {绪论}
End of file on the terminal!

 
Here is how much of TeX's memory you used:
 4 strings out of 493734
 46 string characters out of 6146348
 52937 words of memory out of 5000000
 3428 multiletter control sequences out of 15000+600000
 3640 words of font info for 14 fonts, out of 8000000 for 9000
 1328 hyphenation exceptions out of 8191
 5i,0n,1p,27b,8s stack positions out of 5000i,500n,10000p,200000b,80000s
No pages of output.
